0 info it worked if it ends with ok
1 verbose cli [ 'C:\\Program Files\\nodejs\\node.exe',
1 verbose cli   'C:\\Program Files\\nodejs\\node_modules\\npm\\bin\\npm-cli.js',
1 verbose cli   'start' ]
2 info using npm@4.1.2
3 info using node@v7.7.1
4 verbose run-script [ 'prestart', 'start', 'poststart' ]
5 info lifecycle authentication-in-react-apps@1.0.0~prestart: authentication-in-react-apps@1.0.0
6 silly lifecycle authentication-in-react-apps@1.0.0~prestart: no script for prestart, continuing
7 info lifecycle authentication-in-react-apps@1.0.0~start: authentication-in-react-apps@1.0.0
8 verbose lifecycle authentication-in-react-apps@1.0.0~start: unsafe-perm in lifecycle true
9 verbose lifecycle authentication-in-react-apps@1.0.0~start: PATH: C:\Program Files\nodejs\node_modules\npm\bin\node-gyp-bin;D:\stormpath\authentication-in-react-apps-master\authentication-in-react-apps-master\part-2-json-web-token\node_modules\.bin;C:\Users\jiten\AppData\Roaming\npm;C:\Program Files\nodejs\;C:\ProgramData\Oracle\Java\javapath;C:\WINDOWS\system32;C:\WINDOWS;C:\WINDOWS\System32\Wbem;C:\WINDOWS\System32\WindowsPowerShell\v1.0\;C:\Program Files\Intel\WiFi\bin\;C:\Program Files\Common Files\Intel\WirelessCommon\;C:\Program Files (x86)\Skype\Phone\;C:\Program Files\MongoDB\Server\3.4\bin;C:\Program Files\SASHome\Secure\ccme4;C:\Program Files\SASHome\x86\Secure\ccme4;C:\Users\jiten\AppData\Roaming\npm;C:\Program Files\PuTTY\;C:\Python27;C:\Program Files\Git\cmd;C:\Program Files\Git\mingw64\bin;C:\Program Files\Git\usr\bin;C:\Program Files\Git\bin;C:\Users\jiten\AppData\Local\Microsoft\WindowsApps;C:\Program Files (x86)\Microsoft VS Code\bin;C:\Program Files\MongoDB\Server\3.4\bin;C:\Program Files\nodejs;C:\Users\jiten\AppData\Roaming\npm;C:\Python27;C:\Program Files\Git\bin
10 verbose lifecycle authentication-in-react-apps@1.0.0~start: CWD: D:\stormpath\authentication-in-react-apps-master\authentication-in-react-apps-master\part-2-json-web-token
11 silly lifecycle authentication-in-react-apps@1.0.0~start: Args: [ '/d /s /c',
11 silly lifecycle   'concurrently  "webpack" "nodemon --use-strict index.js"' ]
12 silly lifecycle authentication-in-react-apps@1.0.0~start: Returned: code: 3221225786  signal: null
13 info lifecycle authentication-in-react-apps@1.0.0~start: Failed to exec start script
14 verbose stack Error: authentication-in-react-apps@1.0.0 start: `concurrently  "webpack" "nodemon --use-strict index.js"`
14 verbose stack Exit status 3221225786
14 verbose stack     at EventEmitter.<anonymous> (C:\Program Files\nodejs\node_modules\npm\lib\utils\lifecycle.js:279:16)
14 verbose stack     at emitTwo (events.js:106:13)
14 verbose stack     at EventEmitter.emit (events.js:194:7)
14 verbose stack     at ChildProcess.<anonymous> (C:\Program Files\nodejs\node_modules\npm\lib\utils\spawn.js:40:14)
14 verbose stack     at emitTwo (events.js:106:13)
14 verbose stack     at ChildProcess.emit (events.js:194:7)
14 verbose stack     at maybeClose (internal/child_process.js:899:16)
14 verbose stack     at Process.ChildProcess._handle.onexit (internal/child_process.js:226:5)
15 verbose pkgid authentication-in-react-apps@1.0.0
16 verbose cwd D:\stormpath\authentication-in-react-apps-master\authentication-in-react-apps-master\part-2-json-web-token
17 error Windows_NT 10.0.14393
18 error argv "C:\\Program Files\\nodejs\\node.exe" "C:\\Program Files\\nodejs\\node_modules\\npm\\bin\\npm-cli.js" "start"
19 error node v7.7.1
20 error npm  v4.1.2
21 error code ELIFECYCLE
22 error authentication-in-react-apps@1.0.0 start: `concurrently  "webpack" "nodemon --use-strict index.js"`
22 error Exit status 3221225786
23 error Failed at the authentication-in-react-apps@1.0.0 start script 'concurrently  "webpack" "nodemon --use-strict index.js"'.
23 error Make sure you have the latest version of node.js and npm installed.
23 error If you do, this is most likely a problem with the authentication-in-react-apps package,
23 error not with npm itself.
23 error Tell the author that this fails on your system:
23 error     concurrently  "webpack" "nodemon --use-strict index.js"
23 error You can get information on how to open an issue for this project with:
23 error     npm bugs authentication-in-react-apps
23 error Or if that isn't available, you can get their info via:
23 error     npm owner ls authentication-in-react-apps
23 error There is likely additional logging output above.
24 verbose exit [ 1, true ]
